# JRE version: OpenJDK Runtime Environment (11.0.11+9) (build 11.0.11+9-b60-7590822)
# Java VM: OpenJDK 64-Bit Server VM (11.0.11+9-b60-7590822, mixed mode, tiered, compressed oops, g1 gc, windows-amd64)
Heap:
 garbage-first heap   total 94208K, used 59987K [0x00000000c2c00000, 0x0000000100000000)
  region size 1024K, 8 young (8192K), 2 survivors (2048K)
 Metaspace       used 60995K, capacity 61817K, committed 61904K, reserved 1103872K
  class space    used 7059K, capacity 7381K, committed 7420K, reserved 1048576K
GC Heap History (20 events):
Event: 57.478 GC heap before
{Heap before GC invocations=30 (full 0):
 garbage-first heap   total 63488K, used 51960K [0x00000000c2c00000, 0x0000000100000000)
  region size 1024K, 6 young (6144K), 1 survivors (1024K)
 Metaspace       used 54514K, capacity 55287K, committed 55376K, reserved 1097728K
  class space    used 6168K, capacity 6464K, committed 6524K, reserved 1048576K
}
Event: 57.487 GC heap after
{Heap after GC invocations=31 (full 0):
 garbage-first heap   total 63488K, used 48010K [0x00000000c2c00000, 0x0000000100000000)
  region size 1024K, 1 young (1024K), 1 survivors (1024K)
 Metaspace       used 54514K, capacity 55287K, committed 55376K, reserved 1097728K
  class space    used 6168K, capacity 6464K, committed 6524K, reserved 1048576K
}
Event: 57.787 GC heap before
{Heap before GC invocations=31 (full 0):
 garbage-first heap   total 63488K, used 52106K [0x00000000c2c00000, 0x0000000100000000)
  region size 1024K, 5 young (5120K), 1 survivors (1024K)
 Metaspace       used 54922K, capacity 55652K, committed 56016K, reserved 1099776K
  class space    used 6214K, capacity 6501K, committed 6652K, reserved 1048576K
}
Event: 57.796 GC heap after
{Heap after GC invocations=32 (full 0):
 garbage-first heap   total 63488K, used 48755K [0x00000000c2c00000, 0x0000000100000000)
  region size 1024K, 1 young (1024K), 1 survivors (1024K)
 Metaspace       used 54922K, capacity 55652K, committed 56016K, reserved 1099776K
  class space    used 6214K, capacity 6501K, committed 6652K, reserved 1048576K
}
Event: 57.951 GC heap before
{Heap before GC invocations=32 (full 0):
 garbage-first heap   total 63488K, used 52851K [0x00000000c2c00000, 0x0000000100000000)
  region size 1024K, 5 young (5120K), 1 survivors (1024K)
 Metaspace       used 54940K, capacity 55653K, committed 56016K, reserved 1099776K
  class space    used 6214K, capacity 6501K, committed 6652K, reserved 1048576K
}
Event: 57.956 GC heap after
{Heap after GC invocations=33 (full 0):
 garbage-first heap   total 63488K, used 49094K [0x00000000c2c00000, 0x0000000100000000)
  region size 1024K, 1 young (1024K), 1 survivors (1024K)
 Metaspace       used 54940K, capacity 55653K, committed 56016K, reserved 1099776K
  class space    used 6214K, capacity 6501K, committed 6652K, reserved 1048576K
}
Event: 57.971 GC heap before
{Heap before GC invocations=33 (full 0):
 garbage-first heap   total 63488K, used 52166K [0x00000000c2c00000, 0x0000000100000000)
  region size 1024K, 4 young (4096K), 1 survivors (1024K)
 Metaspace       used 54953K, capacity 55653K, committed 56016K, reserved 1099776K
  class space    used 6214K, capacity 6501K, committed 6652K, reserved 1048576K
}
Event: 57.976 GC heap after
{Heap after GC invocations=34 (full 0):
 garbage-first heap   total 76800K, used 49262K [0x00000000c2c00000, 0x0000000100000000)
  region size 1024K, 1 young (1024K), 1 survivors (1024K)
 Metaspace       used 54953K, capacity 55653K, committed 56016K, reserved 1099776K
  class space    used 6214K, capacity 6501K, committed 6652K, reserved 1048576K
}
Event: 58.440 GC heap before
{Heap before GC invocations=35 (full 0):
 garbage-first heap   total 76800K, used 55406K [0x00000000c2c00000, 0x0000000100000000)
  region size 1024K, 8 young (8192K), 1 survivors (1024K)
 Metaspace       used 55595K, capacity 56300K, committed 56528K, reserved 1099776K
  class space    used 6294K, capacity 6567K, committed 6652K, reserved 1048576K
}
Event: 58.446 GC heap after
{Heap after GC invocations=36 (full 0):
 garbage-first heap   total 76800K, used 50167K [0x00000000c2c00000, 0x0000000100000000)
  region size 1024K, 1 young (1024K), 1 survivors (1024K)
 Metaspace       used 55595K, capacity 56300K, committed 56528K, reserved 1099776K
  class space    used 6294K, capacity 6567K, committed 6652K, reserved 1048576K
}
Event: 58.748 GC heap before
{Heap before GC invocations=36 (full 0):
 garbage-first heap   total 76800K, used 58359K [0x00000000c2c00000, 0x0000000100000000)
  region size 1024K, 9 young (9216K), 1 survivors (1024K)
 Metaspace       used 55690K, capacity 56406K, committed 56528K, reserved 1099776K
  class space    used 6301K, capacity 6603K, committed 6652K, reserved 1048576K
}
Event: 58.758 GC heap after
{Heap after GC invocations=37 (full 0):
 garbage-first heap   total 76800K, used 51568K [0x00000000c2c00000, 0x0000000100000000)
  region size 1024K, 2 young (2048K), 2 survivors (2048K)
 Metaspace       used 55690K, capacity 56406K, committed 56528K, reserved 1099776K
  class space    used 6301K, capacity 6603K, committed 6652K, reserved 1048576K
}
Event: 58.989 GC heap before
{Heap before GC invocations=38 (full 0):
 garbage-first heap   total 76800K, used 58736K [0x00000000c2c00000, 0x0000000100000000)
  region size 1024K, 9 young (9216K), 2 survivors (2048K)
 Metaspace       used 55852K, capacity 56610K, committed 56784K, reserved 1099776K
  class space    used 6317K, capacity 6607K, committed 6652K, reserved 1048576K
}
Event: 58.998 GC heap after
{Heap after GC invocations=39 (full 0):
 garbage-first heap   total 76800K, used 52460K [0x00000000c2c00000, 0x0000000100000000)
  region size 1024K, 1 young (1024K), 1 survivors (1024K)
 Metaspace       used 55852K, capacity 56610K, committed 56784K, reserved 1099776K
  class space    used 6317K, capacity 6607K, committed 6652K, reserved 1048576K
}
Event: 59.330 GC heap before
{Heap before GC invocations=39 (full 0):
 garbage-first heap   total 76800K, used 59628K [0x00000000c2c00000, 0x0000000100000000)
  region size 1024K, 8 young (8192K), 1 survivors (1024K)
 Metaspace       used 56525K, capacity 57295K, committed 57424K, reserved 1099776K
  class space    used 6407K, capacity 6706K, committed 6780K, reserved 1048576K
}
Event: 59.337 GC heap after
{Heap after GC invocations=40 (full 0):
 garbage-first heap   total 76800K, used 53376K [0x00000000c2c00000, 0x0000000100000000)
  region size 1024K, 1 young (1024K), 1 survivors (1024K)
 Metaspace       used 56525K, capacity 57295K, committed 57424K, reserved 1099776K
  class space    used 6407K, capacity 6706K, committed 6780K, reserved 1048576K
}
Event: 60.353 GC heap before
{Heap before GC invocations=41 (full 0):
 garbage-first heap   total 76800K, used 60544K [0x00000000c2c00000, 0x0000000100000000)
  region size 1024K, 8 young (8192K), 1 survivors (1024K)
 Metaspace       used 57188K, capacity 57930K, committed 58064K, reserved 1099776K
  class space    used 6497K, capacity 6790K, committed 6908K, reserved 1048576K
}
Event: 60.362 GC heap after
{Heap after GC invocations=42 (full 0):
 garbage-first heap   total 94208K, used 53841K [0x00000000c2c00000, 0x0000000100000000)
  region size 1024K, 1 young (1024K), 1 survivors (1024K)
 Metaspace       used 57188K, capacity 57930K, committed 58064K, reserved 1099776K
  class space    used 6497K, capacity 6790K, committed 6908K, reserved 1048576K
}
Event: 63.593 GC heap before
{Heap before GC invocations=42 (full 0):
 garbage-first heap   total 94208K, used 67153K [0x00000000c2c00000, 0x0000000100000000)
  region size 1024K, 14 young (14336K), 1 survivors (1024K)
 Metaspace       used 60463K, capacity 61291K, committed 61392K, reserved 1103872K
  class space    used 7008K, capacity 7337K, committed 7420K, reserved 1048576K
}
Event: 63.603 GC heap after
{Heap after GC invocations=43 (full 0):
 garbage-first heap   total 94208K, used 54867K [0x00000000c2c00000, 0x0000000100000000)
  region size 1024K, 2 young (2048K), 2 survivors (2048K)
 Metaspace       used 60463K, capacity 61291K, committed 61392K, reserved 1103872K
  class space    used 7008K, capacity 7337K, committed 7420K, reserved 1048576K
}

